Using pre-set license
Built from '2020.3/staging' branch; Version is '2020.3.48f1 (b805b124c6b7) revision 12060081'; Using compiler version '192528614'; Build Type 'Release'
OS: 'Windows 10  (10.0.19045) 64bit Professional' Language: 'en' Physical Memory: 15790 MB
BatchMode: 1, IsHumanControllingUs: 0, StartBugReporterOnCrash: 0, Is64bit: 1, IsPro: 0

COMMAND LINE ARGUMENTS:
C:\Program Files\Unity\Hub\Editor\2020.3.48f1\Editor\Unity.exe
-adb2
-batchMode
-noUpm
-name
AssetImportWorker0
-projectPath
C:/Users/Asus/FPS Microgame
-logFile
Logs/AssetImportWorker0.log
-srvPort
51053
Successfully changed project path to: C:/Users/Asus/FPS Microgame
C:/Users/Asus/FPS Microgame
Using Asset Import Pipeline V2.
Player connection [23284] Host "[IP] 192.168.56.1 [Port] 3221442976 [Flags] 2 [Guid] 412500926 [EditorId] 412500926 [Version] 1048832 [Id] WindowsEditor(7,DESKTOP-K7K99FE) [Debug] 1 [PackageName] WindowsEditor [ProjectName] Editor" joined multi-casting on [225.0.0.222:54997]...

Player connection [23284] Host "[IP] 192.168.56.1 [Port] 3221442976 [Flags] 2 [Guid] 412500926 [EditorId] 412500926 [Version] 1048832 [Id] WindowsEditor(7,DESKTOP-K7K99FE) [Debug] 1 [PackageName] WindowsEditor [ProjectName] Editor" joined alternative multi-casting on [225.0.0.222:34997]...

Refreshing native plugins compatible for Editor in 46.54 ms, found 2 plugins.
Preloading 0 native plugins for Editor in 0.00 ms.
Initialize engine version: 2020.3.48f1 (b805b124c6b7)
[Subsystems] Discovering subsystems at path C:/Program Files/Unity/Hub/Editor/2020.3.48f1/Editor/Data/Resources/UnitySubsystems
[Subsystems] Discovering subsystems at path C:/Users/Asus/FPS Microgame/Assets
GfxDevice: creating device client; threaded=0
Direct3D:
    Version:  Direct3D 11.0 [level 11.1]
    Renderer: NVIDIA GeForce RTX 3050 Laptop GPU (ID=0x25a2)
    Vendor:   
    VRAM:     3964 MB
    Driver:   32.0.15.5612
Initialize mono
Mono path[0] = 'C:/Program Files/Unity/Hub/Editor/2020.3.48f1/Editor/Data/Managed'
Mono path[1] = 'C:/Program Files/Unity/Hub/Editor/2020.3.48f1/Editor/Data/MonoBleedingEdge/lib/mono/unityjit'
Mono config path = 'C:/Program Files/Unity/Hub/Editor/2020.3.48f1/Editor/Data/MonoBleedingEdge/etc'
Using monoOptions --debugger-agent=transport=dt_socket,embedding=1,server=y,suspend=n,address=127.0.0.1:56032
Begin MonoManager ReloadAssembly
Registering precompiled unity dll's ...
Register platform support module: C:/Program Files/Unity/Hub/Editor/2020.3.48f1/Editor/Data/PlaybackEngines/WindowsStandaloneSupport/UnityEditor.WindowsStandalone.Extensions.dll
Registered in 0.002547 seconds.
Native extension for WindowsStandalone target not found
Refreshing native plugins compatible for Editor in 39.94 ms, found 2 plugins.
Preloading 0 native plugins for Editor in 0.00 ms.
Mono: successfully reloaded assembly
- Completed reload, in  0.543 seconds
Domain Reload Profiling:
	ReloadAssembly (543ms)
		BeginReloadAssembly (61ms)
			ExecutionOrderSort (0ms)
			DisableScriptedObjects (0ms)
			BackupInstance (0ms)
			ReleaseScriptingObjects (0ms)
			CreateAndSetChildDomain (1ms)
		EndReloadAssembly (411ms)
			LoadAssemblies (59ms)
			RebuildTransferFunctionScriptingTraits (0ms)
			SetupTypeCache (129ms)
			ReleaseScriptCaches (0ms)
			RebuildScriptCaches (36ms)
			SetupLoadedEditorAssemblies (151ms)
				LogAssemblyErrors (0ms)
				InitializePlatformSupportModulesInManaged (6ms)
				SetLoadedEditorAssemblies (1ms)
				RefreshPlugins (40ms)
				BeforeProcessingInitializeOnLoad (12ms)
				ProcessInitializeOnLoadAttributes (69ms)
				ProcessInitializeOnLoadMethodAttributes (24ms)
				AfterProcessingInitializeOnLoad (0ms)
				EditorAssembliesLoaded (0ms)
			ExecutionOrderSort2 (0ms)
			AwakeInstancesAfterBackupRestoration (0ms)
Platform modules already initialized, skipping
Registering precompiled user dll's ...
Registered in 0.003480 seconds.
Begin MonoManager ReloadAssembly
Native extension for WindowsStandalone target not found
Refreshing native plugins compatible for Editor in 0.44 ms, found 2 plugins.
Preloading 0 native plugins for Editor in 0.00 ms.
Mono: successfully reloaded assembly
- Completed reload, in  0.933 seconds
Domain Reload Profiling:
	ReloadAssembly (934ms)
		BeginReloadAssembly (131ms)
			ExecutionOrderSort (0ms)
			DisableScriptedObjects (4ms)
			BackupInstance (0ms)
			ReleaseScriptingObjects (0ms)
			CreateAndSetChildDomain (18ms)
		EndReloadAssembly (745ms)
			LoadAssemblies (94ms)
			RebuildTransferFunctionScriptingTraits (0ms)
			SetupTypeCache (243ms)
			ReleaseScriptCaches (0ms)
			RebuildScriptCaches (47ms)
			SetupLoadedEditorAssemblies (299ms)
				LogAssemblyErrors (0ms)
				InitializePlatformSupportModulesInManaged (4ms)
				SetLoadedEditorAssemblies (0ms)
				RefreshPlugins (1ms)
				BeforeProcessingInitializeOnLoad (79ms)
				ProcessInitializeOnLoadAttributes (200ms)
				ProcessInitializeOnLoadMethodAttributes (9ms)
				AfterProcessingInitializeOnLoad (7ms)
				EditorAssembliesLoaded (0ms)
			ExecutionOrderSort2 (0ms)
			AwakeInstancesAfterBackupRestoration (2ms)
Platform modules already initialized, skipping
========================================================================
Worker process is ready to serve import requests
Launched and connected shader compiler UnityShaderCompiler.exe after 0.06 seconds
Refreshing native plugins compatible for Editor in 0.42 ms, found 2 plugins.
Preloading 0 native plugins for Editor in 0.00 ms.
Unloading 1974 Unused Serialized files (Serialized files now loaded: 0)
System memory in use before: 163.0 MB.
System memory in use after: 163.1 MB.

Unloading 18 unused Assets to reduce memory usage. Loaded Objects now: 2415.
Total: 3.783200 ms (FindLiveObjects: 0.231800 ms CreateObjectMapping: 0.062100 ms MarkObjects: 3.367100 ms  DeleteObjects: 0.120700 ms)

AssetImportParameters requested are different than current active one (requested -> active):
  custom:framework-win-MediaFoundation: 216162199b28c13a410421893ffa2e32 -> 
  custom:video-decoder-ogg-theora: a1e56fd34408186e4bbccfd4996cb3dc -> 
  custom:container-muxer-webm: aa71ff27fc2769a1b78a27578f13a17b -> 
  custom:container-demuxer-webm: 4f35f7cbe854078d1ac9338744f61a02 -> 
  custom:container-demuxer-ogg: 62fdf1f143b41e24485cea50d1cbac27 -> 
  custom:video-encoder-webm-vp8: eb34c28f22e8b96e1ab97ce403110664 -> 
  custom:video-decoder-webm-vp8: 9c59270c3fd7afecdb556c50c9e8de78 -> 
  custom:audio-decoder-ogg-vorbis: bf7c407c2cedff20999df2af8eb42d56 -> 
  custom:audio-encoder-webm-vorbis: bf7c407c2cedff20999df2af8eb42d56 -> 
========================================================================
Received Import Request.
  path: Assets/FPS/Tutorials/Tutorials.asset
  artifactKey: Guid(977fb762f450240fd9006b8153a0f534) Importer(815301076,1909f56bfc062723c751e8b465ee728b)
Start importing Assets/FPS/Tutorials/Tutorials.asset using Guid(977fb762f450240fd9006b8153a0f534) Importer(815301076,1909f56bfc062723c751e8b465ee728b)  -> (artifact id: '7461090255361d20f59f40a3ee5f5d24') in 0.311549 seconds 
========================================================================
Received Import Request.
  Time since last request: 0.000495 seconds.
  path: Assets/FPS/Tutorials/SuperchargeYourGame.png
  artifactKey: Guid(afa0a481d34b02945a505bd18c45ee44) Importer(815301076,1909f56bfc062723c751e8b465ee728b)
Start importing Assets/FPS/Tutorials/SuperchargeYourGame.png using Guid(afa0a481d34b02945a505bd18c45ee44) Importer(815301076,1909f56bfc062723c751e8b465ee728b)  -> (artifact id: 'c6e0637c2289edcb13a8709105906c0d') in 0.108710 seconds 
========================================================================
Received Import Request.
  Time since last request: 0.000253 seconds.
  path: Assets/FPS/Tutorials/Tutorial Project Settings.asset
  artifactKey: Guid(82ccda3adf0ba49e1ba86e30edff0cc5) Importer(815301076,1909f56bfc062723c751e8b465ee728b)
Start importing Assets/FPS/Tutorials/Tutorial Project Settings.asset using Guid(82ccda3adf0ba49e1ba86e30edff0cc5) Importer(815301076,1909f56bfc062723c751e8b465ee728b)  -> (artifact id: 'f625d9f963dfc2288039e9b04b1ac65e') in 0.268525 seconds 
========================================================================
Received Import Request.
  Time since last request: 0.000282 seconds.
  path: Assets/FPS/Tutorials/TutorialHeader.png
  artifactKey: Guid(5384282a0273144fa9333beb77183cb4) Importer(815301076,1909f56bfc062723c751e8b465ee728b)
Start importing Assets/FPS/Tutorials/TutorialHeader.png using Guid(5384282a0273144fa9333beb77183cb4) Importer(815301076,1909f56bfc062723c751e8b465ee728b)  -> (artifact id: 'fc879d0923abef82e9cac9bf0a23e50c') in 0.026776 seconds 
========================================================================
Received Import Request.
  Time since last request: 0.000226 seconds.
  path: Assets/FPS/Tutorials/Pop.aiff
  artifactKey: Guid(93fbb109633e844259ea828442bda0cb) Importer(815301076,1909f56bfc062723c751e8b465ee728b)
Start importing Assets/FPS/Tutorials/Pop.aiff using Guid(93fbb109633e844259ea828442bda0cb) Importer(815301076,1909f56bfc062723c751e8b465ee728b)  -> (artifact id: '0cd5469c5079754c6b5c8c60d18eeae8') in 0.113798 seconds 
========================================================================
Received Import Request.
  Time since last request: 0.000218 seconds.
  path: Assets/FPS/Tutorials/FPSIcon.png
  artifactKey: Guid(82868597b55b3409093b4fe79d24b26c) Importer(815301076,1909f56bfc062723c751e8b465ee728b)
Start importing Assets/FPS/Tutorials/FPSIcon.png using Guid(82868597b55b3409093b4fe79d24b26c) Importer(815301076,1909f56bfc062723c751e8b465ee728b)  -> (artifact id: 'd4cabad98b6ca8d2c8be29c36cb6a1f4') in 0.026155 seconds 
========================================================================
Received Import Request.
  Time since last request: 0.000213 seconds.
  path: Assets/FPS/Tutorials/DialogHeader_FPS.png
  artifactKey: Guid(6e279173c7e6446bfbf2744726e35598) Importer(815301076,1909f56bfc062723c751e8b465ee728b)
Start importing Assets/FPS/Tutorials/DialogHeader_FPS.png using Guid(6e279173c7e6446bfbf2744726e35598) Importer(815301076,1909f56bfc062723c751e8b465ee728b)  -> (artifact id: 'e9954fa8801de739ae6743cf100b2ade') in 0.033408 seconds 
========================================================================
Received Import Request.
  Time since last request: 0.000242 seconds.
  path: Assets/FPS/Tutorials/WelcomeDialog.asset
  artifactKey: Guid(c4fddd74b608848c6871b3b0f762ff1d) Importer(815301076,1909f56bfc062723c751e8b465ee728b)
Start importing Assets/FPS/Tutorials/WelcomeDialog.asset using Guid(c4fddd74b608848c6871b3b0f762ff1d) Importer(815301076,1909f56bfc062723c751e8b465ee728b)  -> (artifact id: '56ef9d165fa5718f80ae765b50e5c5d8') in 0.012500 seconds 
========================================================================
Received Import Request.
  Time since last request: 0.000204 seconds.
  path: Assets/FPS/Tutorials/import-asset@2x.png
  artifactKey: Guid(4db00f0358d194313a877344f4ba535c) Importer(815301076,1909f56bfc062723c751e8b465ee728b)
Start importing Assets/FPS/Tutorials/import-asset@2x.png using Guid(4db00f0358d194313a877344f4ba535c) Importer(815301076,1909f56bfc062723c751e8b465ee728b)  -> (artifact id: '99bd2557d40d6f3707489b3963b24a85') in 0.015955 seconds 
========================================================================
Received Import Request.
  Time since last request: 0.000254 seconds.
  path: Assets/FPS/Tutorials/BotIcon.png
  artifactKey: Guid(f6b78880543bf4e91bd85801abd1ab8d) Importer(815301076,1909f56bfc062723c751e8b465ee728b)
Start importing Assets/FPS/Tutorials/BotIcon.png using Guid(f6b78880543bf4e91bd85801abd1ab8d) Importer(815301076,1909f56bfc062723c751e8b465ee728b)  -> (artifact id: '56ec1a5a79f2c91262f27e37b21d5bf1') in 0.026821 seconds 
========================================================================
Received Import Request.
  Time since last request: 0.000257 seconds.
  path: Assets/FPS/Tutorials/TutorialCallbacks.asset
  artifactKey: Guid(98457f12a6e8529488d624978bbbf3eb) Importer(815301076,1909f56bfc062723c751e8b465ee728b)
Start importing Assets/FPS/Tutorials/TutorialCallbacks.asset using Guid(98457f12a6e8529488d624978bbbf3eb) Importer(815301076,1909f56bfc062723c751e8b465ee728b)  -> (artifact id: '49c69c271c3872e4d9a9289e9d3952a9') in 0.040411 seconds 
========================================================================
Received Import Request.
  Time since last request: 0.000297 seconds.
  path: Assets/FPS/Tutorials/Unity.FPS.Tutorials.asmdef
  artifactKey: Guid(54b90cb525cf7fd4b8440dd760d63ac4) Importer(815301076,1909f56bfc062723c751e8b465ee728b)
Start importing Assets/FPS/Tutorials/Unity.FPS.Tutorials.asmdef using Guid(54b90cb525cf7fd4b8440dd760d63ac4) Importer(815301076,1909f56bfc062723c751e8b465ee728b)  -> (artifact id: '5935ea45b4b37a217823e60df4a50197') in 0.011700 seconds 
========================================================================
Received Import Request.
  Time since last request: 23.490289 seconds.
  path: Assets/FPS/Prefabs/Cube.prefab
  artifactKey: Guid(cf7e257d2b255a84499370f200689835) Importer(815301076,1909f56bfc062723c751e8b465ee728b)
Start importing Assets/FPS/Prefabs/Cube.prefab using Guid(cf7e257d2b255a84499370f200689835) Importer(815301076,1909f56bfc062723c751e8b465ee728b)  -> (artifact id: 'f635b4162da76ea0b8994473a83548c1') in 0.032000 seconds 
========================================================================
Received Import Request.
  Time since last request: 0.000263 seconds.
  path: Assets/FPS/Prefabs/ObjectiveKillEnemies.prefab
  artifactKey: Guid(012d63212fd1fe646b661cb8446c7bd4) Importer(815301076,1909f56bfc062723c751e8b465ee728b)
Start importing Assets/FPS/Prefabs/ObjectiveKillEnemies.prefab using Guid(012d63212fd1fe646b661cb8446c7bd4) Importer(815301076,1909f56bfc062723c751e8b465ee728b)  -> (artifact id: '758ef03e5f4e8787c1f0082e8f0a7b25') in 0.013618 seconds 
========================================================================
Received Import Request.
  Time since last request: 0.000291 seconds.
  path: Assets/FPS/Prefabs/Player.prefab
  artifactKey: Guid(761cdc9e4e883334cbdcea062d0befa7) Importer(815301076,1909f56bfc062723c751e8b465ee728b)
Start importing Assets/FPS/Prefabs/Player.prefab using Guid(761cdc9e4e883334cbdcea062d0befa7) Importer(815301076,1909f56bfc062723c751e8b465ee728b) Tried select unknown importer for id '-2' '00000000000000000000000000000000'
 -> (artifact id: '734db2327605ae67390ffee7eca89ae1') in 0.070722 seconds 
========================================================================
Received Import Request.
  Time since last request: 0.000305 seconds.
  path: Assets/FPS/Prefabs/ObjectiveReachPoint.prefab
  artifactKey: Guid(d401b602eddc4e449b385a053f012a4c) Importer(815301076,1909f56bfc062723c751e8b465ee728b)
Start importing Assets/FPS/Prefabs/ObjectiveReachPoint.prefab using Guid(d401b602eddc4e449b385a053f012a4c) Importer(815301076,1909f56bfc062723c751e8b465ee728b)  -> (artifact id: 'ca07d69b225b9cfc20a50278ffa79565') in 0.060559 seconds 
========================================================================
Received Import Request.
  Time since last request: 0.000285 seconds.
  path: Assets/FPS/Prefabs/DebugTeleportPlayer.prefab
  artifactKey: Guid(fe7e09d3ff741dc4285ddf0ed3ef03ac) Importer(815301076,1909f56bfc062723c751e8b465ee728b)
Start importing Assets/FPS/Prefabs/DebugTeleportPlayer.prefab using Guid(fe7e09d3ff741dc4285ddf0ed3ef03ac) Importer(815301076,1909f56bfc062723c751e8b465ee728b)  -> (artifact id: '4040e3a61394cc8f76aa0e9f5ae2071b') in 0.046595 seconds 
========================================================================
Received Import Request.
  Time since last request: 0.000438 seconds.
  path: Assets/FPS/Prefabs/GameManager.prefab
  artifactKey: Guid(c996b53e9f849234393d1e90f68d1679) Importer(815301076,1909f56bfc062723c751e8b465ee728b)
Start importing Assets/FPS/Prefabs/GameManager.prefab using Guid(c996b53e9f849234393d1e90f68d1679) Importer(815301076,1909f56bfc062723c751e8b465ee728b)  -> (artifact id: 'a47ae8b638d5aec4f9ae654919c883ad') in 0.096788 seconds 
========================================================================
Received Import Request.
  Time since last request: 0.000383 seconds.
  path: Assets/FPS/Prefabs/ObjectivePickupItem.prefab
  artifactKey: Guid(a5e57422b1d4cd7418d7bd6037f5a604) Importer(815301076,1909f56bfc062723c751e8b465ee728b)
Start importing Assets/FPS/Prefabs/ObjectivePickupItem.prefab using Guid(a5e57422b1d4cd7418d7bd6037f5a604) Importer(815301076,1909f56bfc062723c751e8b465ee728b)  -> (artifact id: '10009a7ff4255279b993bd5ca032f6ef') in 0.012592 seconds 
========================================================================
Received Import Request.
  Time since last request: 1.579972 seconds.
  path: Assets/FPS/Prefabs/Level
  artifactKey: Guid(8e96c28432351a64485a29913decece4) Importer(815301076,1909f56bfc062723c751e8b465ee728b)
Start importing Assets/FPS/Prefabs/Level using Guid(8e96c28432351a64485a29913decece4) Importer(815301076,1909f56bfc062723c751e8b465ee728b)  -> (artifact id: 'f486803821b4e7108c4d02c6617c2b16') in 0.020018 seconds 
========================================================================
Received Import Request.
  Time since last request: 3.476317 seconds.
  path: Assets/FPS/Prefabs/Level/BaseObjects
  artifactKey: Guid(78df43fc5e9dae64c8e1bd2143c0e0a3) Importer(815301076,1909f56bfc062723c751e8b465ee728b)
Start importing Assets/FPS/Prefabs/Level/BaseObjects using Guid(78df43fc5e9dae64c8e1bd2143c0e0a3) Importer(815301076,1909f56bfc062723c751e8b465ee728b)  -> (artifact id: '261945fee25a1212ee7a34cb61b4da35') in 0.010394 seconds 
========================================================================
Received Import Request.
  Time since last request: 0.082048 seconds.
  path: Assets/FPS/Prefabs/Level/BaseObjects/Basic_Floor_Mesh.prefab
  artifactKey: Guid(2a86e4ba493cd034cbc2c5713da1a643) Importer(815301076,1909f56bfc062723c751e8b465ee728b)
Start importing Assets/FPS/Prefabs/Level/BaseObjects/Basic_Floor_Mesh.prefab using Guid(2a86e4ba493cd034cbc2c5713da1a643) Importer(815301076,1909f56bfc062723c751e8b465ee728b)  -> (artifact id: '417ea20f2a68941197314db88e8cda37') in 0.088436 seconds 
========================================================================
Received Import Request.
  Time since last request: 0.000304 seconds.
  path: Assets/FPS/Prefabs/Level/BaseObjects/Floor_HalfIndented_Mesh.prefab
  artifactKey: Guid(d207437c57685d148828d9db69949ca2) Importer(815301076,1909f56bfc062723c751e8b465ee728b)
Start importing Assets/FPS/Prefabs/Level/BaseObjects/Floor_HalfIndented_Mesh.prefab using Guid(d207437c57685d148828d9db69949ca2) Importer(815301076,1909f56bfc062723c751e8b465ee728b)  -> (artifact id: '39648cd0e0723de121eeaa356fd6fec1') in 0.028231 seconds 
========================================================================
Received Import Request.
  Time since last request: 0.000273 seconds.
  path: Assets/FPS/Prefabs/Level/BaseObjects/Wall_Window_Mesh.prefab
  artifactKey: Guid(f40315d44d0aa1744adca0bd971f7293) Importer(815301076,1909f56bfc062723c751e8b465ee728b)
Start importing Assets/FPS/Prefabs/Level/BaseObjects/Wall_Window_Mesh.prefab using Guid(f40315d44d0aa1744adca0bd971f7293) Importer(815301076,1909f56bfc062723c751e8b465ee728b)  -> (artifact id: '284b0ee58cfc49ed1f7275813e90cabe') in 0.029706 seconds 
========================================================================
Received Import Request.
  Time since last request: 0.000243 seconds.
  path: Assets/FPS/Prefabs/Level/BaseObjects/Dun_BigDoor_Mesh.prefab
  artifactKey: Guid(7bc503aa9132b4e47a448315b66731b4) Importer(815301076,1909f56bfc062723c751e8b465ee728b)
Start importing Assets/FPS/Prefabs/Level/BaseObjects/Dun_BigDoor_Mesh.prefab using Guid(7bc503aa9132b4e47a448315b66731b4) Importer(815301076,1909f56bfc062723c751e8b465ee728b)  -> (artifact id: '77c30f12a6a2284bdb10daa19241994c') in 0.018215 seconds 
========================================================================
Received Import Request.
  Time since last request: 0.000254 seconds.
  path: Assets/FPS/Prefabs/Level/BaseObjects/Floor_Indented_Mesh.prefab
  artifactKey: Guid(18c9e52711cee4b40bfb4317ae7f329e) Importer(815301076,1909f56bfc062723c751e8b465ee728b)
Start importing Assets/FPS/Prefabs/Level/BaseObjects/Floor_Indented_Mesh.prefab using Guid(18c9e52711cee4b40bfb4317ae7f329e) Importer(815301076,1909f56bfc062723c751e8b465ee728b)  -> (artifact id: '0dfafc2e51c85e245fba51f51efde3a5') in 0.029713 seconds 
========================================================================
Received Import Request.
  Time since last request: 0.000265 seconds.
  path: Assets/FPS/Prefabs/Level/BaseObjects/Ramp_3m_Mesh.prefab
  artifactKey: Guid(e2b37056c9c4c0b4c808ca97af52c753) Importer(815301076,1909f56bfc062723c751e8b465ee728b)
Start importing Assets/FPS/Prefabs/Level/BaseObjects/Ramp_3m_Mesh.prefab using Guid(e2b37056c9c4c0b4c808ca97af52c753) Importer(815301076,1909f56bfc062723c751e8b465ee728b)  -> (artifact id: 'f5c093d9d093a73920a9c2612a51842a') in 0.034148 seconds 
========================================================================
Received Import Request.
  Time since last request: 0.000252 seconds.
  path: Assets/FPS/Prefabs/Level/BaseObjects/Wall_1m_Mesh.prefab
  artifactKey: Guid(22ee8966e4c728a418415db5731c87ae) Importer(815301076,1909f56bfc062723c751e8b465ee728b)
Start importing Assets/FPS/Prefabs/Level/BaseObjects/Wall_1m_Mesh.prefab using Guid(22ee8966e4c728a418415db5731c87ae) Importer(815301076,1909f56bfc062723c751e8b465ee728b)  -> (artifact id: '49ca2c820e4ac36f59ce35672bb2882c') in 0.023560 seconds 
========================================================================
Received Import Request.
  Time since last request: 0.000275 seconds.
  path: Assets/FPS/Prefabs/Level/BaseObjects/Wall_4m_Mesh.prefab
  artifactKey: Guid(4f42672477f836a4281ef4c3bdfe6d05) Importer(815301076,1909f56bfc062723c751e8b465ee728b)
Start importing Assets/FPS/Prefabs/Level/BaseObjects/Wall_4m_Mesh.prefab using Guid(4f42672477f836a4281ef4c3bdfe6d05) Importer(815301076,1909f56bfc062723c751e8b465ee728b)  -> (artifact id: 'b37efdd0031047c1fda0b54d0c618f3f') in 0.018987 seconds 
========================================================================
Received Import Request.
  Time since last request: 0.000269 seconds.
  path: Assets/FPS/Prefabs/Level/BaseObjects/Ramp_4m_Mesh.prefab
  artifactKey: Guid(f82ad03af081ae7449925e80f34dbe6c) Importer(815301076,1909f56bfc062723c751e8b465ee728b)
Start importing Assets/FPS/Prefabs/Level/BaseObjects/Ramp_4m_Mesh.prefab using Guid(f82ad03af081ae7449925e80f34dbe6c) Importer(815301076,1909f56bfc062723c751e8b465ee728b)  -> (artifact id: 'e5f4e4ff0be08553b52869f7771f7773') in 0.026365 seconds 
========================================================================
Received Import Request.
  Time since last request: 0.000341 seconds.
  path: Assets/FPS/Prefabs/Level/BaseObjects/Wall_DoorLarge_Mesh.prefab
  artifactKey: Guid(7673a77408601704487f600510222da0) Importer(815301076,1909f56bfc062723c751e8b465ee728b)
Start importing Assets/FPS/Prefabs/Level/BaseObjects/Wall_DoorLarge_Mesh.prefab using Guid(7673a77408601704487f600510222da0) Importer(815301076,1909f56bfc062723c751e8b465ee728b)  -> (artifact id: 'dc8080b9e9084a823923cfd72dd17bb6') in 0.027745 seconds 
========================================================================
Received Import Request.
  Time since last request: 0.000292 seconds.
  path: Assets/FPS/Prefabs/Level/BaseObjects/Wall_Door_Mesh.prefab
  artifactKey: Guid(81f93335543589a4f91b584e567ac59e) Importer(815301076,1909f56bfc062723c751e8b465ee728b)
Start importing Assets/FPS/Prefabs/Level/BaseObjects/Wall_Door_Mesh.prefab using Guid(81f93335543589a4f91b584e567ac59e) Importer(815301076,1909f56bfc062723c751e8b465ee728b)  -> (artifact id: '2f88ad6d886a46e7540914a14c927dd2') in 0.019193 seconds 
========================================================================
Received Import Request.
  Time since last request: 0.000275 seconds.
  path: Assets/FPS/Prefabs/Level/BaseObjects/Ramp_8m_Mesh.prefab
  artifactKey: Guid(01e098456aadb2c4480a8c5b62925e15) Importer(815301076,1909f56bfc062723c751e8b465ee728b)
Start importing Assets/FPS/Prefabs/Level/BaseObjects/Ramp_8m_Mesh.prefab using Guid(01e098456aadb2c4480a8c5b62925e15) Importer(815301076,1909f56bfc062723c751e8b465ee728b)  -> (artifact id: '9ea9075d6d260c6a795d5329a8312153') in 0.020135 seconds 
========================================================================
Received Import Request.
  Time since last request: 2.600475 seconds.
  path: Assets/Experience.cs
  artifactKey: Guid(4b0793ebbb93f774cbc9633562e79ff3) Importer(815301076,1909f56bfc062723c751e8b465ee728b)
Start importing Assets/Experience.cs using Guid(4b0793ebbb93f774cbc9633562e79ff3) Importer(815301076,1909f56bfc062723c751e8b465ee728b)  -> (artifact id: '67595d3c65cc9d4491c5b41b0a5561d7') in 0.030010 seconds 
========================================================================
Received Import Request.
  Time since last request: 1.610324 seconds.
  path: Assets/ExperiencePickup.cs
  artifactKey: Guid(a2329cdcfe10e984198ad35d7ed74ae4) Importer(815301076,1909f56bfc062723c751e8b465ee728b)
Start importing Assets/ExperiencePickup.cs using Guid(a2329cdcfe10e984198ad35d7ed74ae4) Importer(815301076,1909f56bfc062723c751e8b465ee728b)  -> (artifact id: 'aaa71640f87be07e39e23821e2081d31') in 0.021161 seconds 
========================================================================
Received Import Request.
  Time since last request: 460.041796 seconds.
  path: Assets/LevelPanelManager.cs
  artifactKey: Guid(f22fee02ea793014eb86db8b67b43ac9) Importer(815301076,1909f56bfc062723c751e8b465ee728b)
Start importing Assets/LevelPanelManager.cs using Guid(f22fee02ea793014eb86db8b67b43ac9) Importer(815301076,1909f56bfc062723c751e8b465ee728b)  -> (artifact id: '07c8e514d06da6e686a28518e1b08bf1') in 0.013036 seconds 
========================================================================
Received Import Request.
  Time since last request: 18.425955 seconds.
  path: Assets/PlayerExperienceBar.cs
  artifactKey: Guid(a97b16f0d6055fc43af2371a417ea981) Importer(815301076,1909f56bfc062723c751e8b465ee728b)
Start importing Assets/PlayerExperienceBar.cs using Guid(a97b16f0d6055fc43af2371a417ea981) Importer(815301076,1909f56bfc062723c751e8b465ee728b)  -> (artifact id: 'd8424a5aaa2e1f84a428e8b718d0a5ca') in 0.010505 seconds 
========================================================================
Received Prepare
Registering precompiled user dll's ...
Registered in 0.003373 seconds.
Begin MonoManager ReloadAssembly
Native extension for WindowsStandalone target not found
Refreshing native plugins compatible for Editor in 0.44 ms, found 2 plugins.
Preloading 0 native plugins for Editor in 0.00 ms.
Mono: successfully reloaded assembly
- Completed reload, in  0.998 seconds
Domain Reload Profiling:
	ReloadAssembly (998ms)
		BeginReloadAssembly (141ms)
			ExecutionOrderSort (0ms)
			DisableScriptedObjects (6ms)
			BackupInstance (0ms)
			ReleaseScriptingObjects (0ms)
			CreateAndSetChildDomain (36ms)
		EndReloadAssembly (799ms)
			LoadAssemblies (99ms)
			RebuildTransferFunctionScriptingTraits (0ms)
			SetupTypeCache (273ms)
			ReleaseScriptCaches (1ms)
			RebuildScriptCaches (41ms)
			SetupLoadedEditorAssemblies (318ms)
				LogAssemblyErrors (0ms)
				InitializePlatformSupportModulesInManaged (5ms)
				SetLoadedEditorAssemblies (0ms)
				RefreshPlugins (1ms)
				BeforeProcessingInitializeOnLoad (77ms)
				ProcessInitializeOnLoadAttributes (218ms)
				ProcessInitializeOnLoadMethodAttributes (9ms)
				AfterProcessingInitializeOnLoad (8ms)
				EditorAssembliesLoaded (0ms)
			ExecutionOrderSort2 (0ms)
			AwakeInstancesAfterBackupRestoration (2ms)
Platform modules already initialized, skipping
Refreshing native plugins compatible for Editor in 0.53 ms, found 2 plugins.
Preloading 0 native plugins for Editor in 0.00 ms.
Unloading 1932 Unused Serialized files (Serialized files now loaded: 0)
System memory in use before: 163.1 MB.
System memory in use after: 163.2 MB.

Unloading 17 unused Assets to reduce memory usage. Loaded Objects now: 2436.
Total: 3.074200 ms (FindLiveObjects: 0.170700 ms CreateObjectMapping: 0.043400 ms MarkObjects: 2.760100 ms  DeleteObjects: 0.099000 ms)

AssetImportParameters requested are different than current active one (requested -> active):
  custom:framework-win-MediaFoundation: 216162199b28c13a410421893ffa2e32 -> 
  custom:video-decoder-ogg-theora: a1e56fd34408186e4bbccfd4996cb3dc -> 
  custom:container-muxer-webm: aa71ff27fc2769a1b78a27578f13a17b -> 
  custom:container-demuxer-webm: 4f35f7cbe854078d1ac9338744f61a02 -> 
  custom:container-demuxer-ogg: 62fdf1f143b41e24485cea50d1cbac27 -> 
  custom:video-encoder-webm-vp8: eb34c28f22e8b96e1ab97ce403110664 -> 
  custom:video-decoder-webm-vp8: 9c59270c3fd7afecdb556c50c9e8de78 -> 
  custom:audio-decoder-ogg-vorbis: bf7c407c2cedff20999df2af8eb42d56 -> 
  custom:audio-encoder-webm-vorbis: bf7c407c2cedff20999df2af8eb42d56 -> 
========================================================================
Received Import Request.
  Time since last request: 1102.680774 seconds.
  path: Assets/PlayerWeaponUpgradeManager.cs
  artifactKey: Guid(b900bbbcb1c1dd14191e94338fc0d7b2) Importer(815301076,1909f56bfc062723c751e8b465ee728b)
Start importing Assets/PlayerWeaponUpgradeManager.cs using Guid(b900bbbcb1c1dd14191e94338fc0d7b2) Importer(815301076,1909f56bfc062723c751e8b465ee728b)  -> (artifact id: '06fbca79e3579723787d015b0dcfc853') in 0.013402 seconds 
========================================================================
Received Import Request.
  Time since last request: 602.254823 seconds.
  path: Assets/Luna's Scripts
  artifactKey: Guid(a92b7281fedee29478361177110858e1) Importer(815301076,1909f56bfc062723c751e8b465ee728b)
Start importing Assets/Luna's Scripts using Guid(a92b7281fedee29478361177110858e1) Importer(815301076,1909f56bfc062723c751e8b465ee728b)  -> (artifact id: 'd34bfacaa7a70a3b4748aee95c95c010') in 0.008861 seconds 
========================================================================
Received Import Request.
  Time since last request: 7.059912 seconds.
  path: Assets/Luna's Scripts/UpgradeData/SpeedModule
  artifactKey: Guid(5330567a5c828104ebd7185054e24ed5) Importer(815301076,1909f56bfc062723c751e8b465ee728b)
Start importing Assets/Luna's Scripts/UpgradeData/SpeedModule using Guid(5330567a5c828104ebd7185054e24ed5) Importer(815301076,1909f56bfc062723c751e8b465ee728b)  -> (artifact id: '9f87f9eca3b30b90607dcdbda9e655aa') in 0.008385 seconds 
========================================================================
Received Import Request.
  Time since last request: 57.812502 seconds.
  path: Assets/FPS/Audio/MainAudioMixer.mixer
  artifactKey: Guid(fcc71635aab95ff4fbdf1880bf2afa2f) Importer(815301076,1909f56bfc062723c751e8b465ee728b)
Start importing Assets/FPS/Audio/MainAudioMixer.mixer using Guid(fcc71635aab95ff4fbdf1880bf2afa2f) Importer(815301076,1909f56bfc062723c751e8b465ee728b)  -> (artifact id: 'a7b1163b12a18c236b0fdef585f32f01') in 0.020916 seconds 
========================================================================
Received Import Request.
  Time since last request: 2.256769 seconds.
  path: Assets/FPS/Prefabs/Level/Ramps/Ramp_3m.prefab
  artifactKey: Guid(37ff5dafe824cb045a19f983787808dd) Importer(815301076,1909f56bfc062723c751e8b465ee728b)
Start importing Assets/FPS/Prefabs/Level/Ramps/Ramp_3m.prefab using Guid(37ff5dafe824cb045a19f983787808dd) Importer(815301076,1909f56bfc062723c751e8b465ee728b)  -> (artifact id: '4b14969927298d2e6378ca81231742dc') in 0.053430 seconds 
========================================================================
Received Import Request.
  Time since last request: 0.000222 seconds.
  path: Assets/FPS/Prefabs/Level/Ramps/Ramp_8m.prefab
  artifactKey: Guid(5c72ddea2f895514baf15cd7a04249d4) Importer(815301076,1909f56bfc062723c751e8b465ee728b)
Start importing Assets/FPS/Prefabs/Level/Ramps/Ramp_8m.prefab using Guid(5c72ddea2f895514baf15cd7a04249d4) Importer(815301076,1909f56bfc062723c751e8b465ee728b)  -> (artifact id: '498164b78266af08a6170a5d9f51270a') in 0.017942 seconds 
========================================================================
Received Import Request.
  Time since last request: 0.000203 seconds.
  path: Assets/FPS/Prefabs/Level/Ramps/Ramp_4m.prefab
  artifactKey: Guid(f70093c75e32a264898e984f4ba60c5a) Importer(815301076,1909f56bfc062723c751e8b465ee728b)
Start importing Assets/FPS/Prefabs/Level/Ramps/Ramp_4m.prefab using Guid(f70093c75e32a264898e984f4ba60c5a) Importer(815301076,1909f56bfc062723c751e8b465ee728b)  -> (artifact id: '1ece7002673f5eea779fce0ba75394c3') in 0.016011 seconds 
========================================================================
Received Import Request.
  Time since last request: 0.277863 seconds.
  path: Assets/FPS/Prefabs/Level/Rooms/Room_Altar.prefab
  artifactKey: Guid(115dbd335d944e049a14c0345b664cf6) Importer(815301076,1909f56bfc062723c751e8b465ee728b)
Start importing Assets/FPS/Prefabs/Level/Rooms/Room_Altar.prefab using Guid(115dbd335d944e049a14c0345b664cf6) Importer(815301076,1909f56bfc062723c751e8b465ee728b)  -> (artifact id: '482764faeed9d73e77db60d123488022') in 0.207362 seconds 
========================================================================
Received Import Request.
  Time since last request: 0.000201 seconds.
  path: Assets/FPS/Prefabs/Level/Rooms/Room_Small_Y.prefab
  artifactKey: Guid(5c1f92430588e114db439f8f71ad58e5) Importer(815301076,1909f56bfc062723c751e8b465ee728b)
Start importing Assets/FPS/Prefabs/Level/Rooms/Room_Small_Y.prefab using Guid(5c1f92430588e114db439f8f71ad58e5) Importer(815301076,1909f56bfc062723c751e8b465ee728b)  -> (artifact id: '4c4abc53764337cfabd3775406a20ca6') in 0.029109 seconds 
========================================================================
Received Import Request.
  Time since last request: 0.000227 seconds.
  path: Assets/FPS/Prefabs/Level/Rooms/Room_Medium.prefab
  artifactKey: Guid(35af8bf2573f2d9458eb42510e2d6006) Importer(815301076,1909f56bfc062723c751e8b465ee728b)
Start importing Assets/FPS/Prefabs/Level/Rooms/Room_Medium.prefab using Guid(35af8bf2573f2d9458eb42510e2d6006) Importer(815301076,1909f56bfc062723c751e8b465ee728b)  -> (artifact id: '6b1430f2278de2a5139dea40ec926ea0') in 0.029786 seconds 
========================================================================
Received Import Request.
  Time since last request: 0.000255 seconds.
  path: Assets/FPS/Prefabs/Level/Rooms/Room_Small_T.prefab
  artifactKey: Guid(75bc57e6a3cbdf24fabc12b67cc778e6) Importer(815301076,1909f56bfc062723c751e8b465ee728b)
Start importing Assets/FPS/Prefabs/Level/Rooms/Room_Small_T.prefab using Guid(75bc57e6a3cbdf24fabc12b67cc778e6) Importer(815301076,1909f56bfc062723c751e8b465ee728b)  -> (artifact id: 'a6e09ee5c531bdc1e19f9cc0451fd2a9') in 0.026644 seconds 
========================================================================
Received Import Request.
  Time since last request: 0.191676 seconds.
  path: Assets/FPS/Prefabs/Level/Dungeon/Dun_BigDoor.prefab
  artifactKey: Guid(7bb3ef68f11ffa04fac728ad3fdaccc7) Importer(815301076,1909f56bfc062723c751e8b465ee728b)
Start importing Assets/FPS/Prefabs/Level/Dungeon/Dun_BigDoor.prefab using Guid(7bb3ef68f11ffa04fac728ad3fdaccc7) Importer(815301076,1909f56bfc062723c751e8b465ee728b)  -> (artifact id: 'bde4ccad06df0bd4cc7fd8b6c7134e4e') in 0.016899 seconds 
========================================================================
Received Import Request.
  Time since last request: 0.000227 seconds.
  path: Assets/FPS/Prefabs/Level/Dungeon/Dun_Corner.prefab
  artifactKey: Guid(1357d534d67e44349a4b7c67840165c7) Importer(815301076,1909f56bfc062723c751e8b465ee728b)
Start importing Assets/FPS/Prefabs/Level/Dungeon/Dun_Corner.prefab using Guid(1357d534d67e44349a4b7c67840165c7) Importer(815301076,1909f56bfc062723c751e8b465ee728b)  -> (artifact id: 'd0b324b9295521566df15848652d5644') in 0.019255 seconds 
========================================================================
Received Import Request.
  Time since last request: 0.000216 seconds.
  path: Assets/FPS/Prefabs/Level/Dungeon/Dun_Tower.prefab
  artifactKey: Guid(8417428a3ba2f8946ab5205bd869364b) Importer(815301076,1909f56bfc062723c751e8b465ee728b)
Start importing Assets/FPS/Prefabs/Level/Dungeon/Dun_Tower.prefab using Guid(8417428a3ba2f8946ab5205bd869364b) Importer(815301076,1909f56bfc062723c751e8b465ee728b)  -> (artifact id: 'fc0d81dde4107aed8250ddecfdfc0c27') in 0.022223 seconds 
========================================================================
Received Import Request.
  Time since last request: 0.000244 seconds.
  path: Assets/FPS/Prefabs/Level/Dungeon/Dun_Fork.prefab
  artifactKey: Guid(0a5a49e8197f8d34e90e825e26c9ecb2) Importer(815301076,1909f56bfc062723c751e8b465ee728b)
Start importing Assets/FPS/Prefabs/Level/Dungeon/Dun_Fork.prefab using Guid(0a5a49e8197f8d34e90e825e26c9ecb2) Importer(815301076,1909f56bfc062723c751e8b465ee728b)  -> (artifact id: '5daccf4e83801b518a7349e004c3172f') in 0.028282 seconds 
========================================================================
Received Import Request.
  Time since last request: 0.000223 seconds.
  path: Assets/FPS/Prefabs/Level/Dungeon/Dun_Hall_T.prefab
  artifactKey: Guid(57c214aeb2595e94c91dddb4ab355cc2) Importer(815301076,1909f56bfc062723c751e8b465ee728b)
Start importing Assets/FPS/Prefabs/Level/Dungeon/Dun_Hall_T.prefab using Guid(57c214aeb2595e94c91dddb4ab355cc2) Importer(815301076,1909f56bfc062723c751e8b465ee728b)  -> (artifact id: '24c30fa9fd66281039cbcec388b8ec58') in 0.023582 seconds 
========================================================================
Received Import Request.
  Time since last request: 0.000334 seconds.
  path: Assets/FPS/Prefabs/Level/Dungeon/Dun_Wall_Open.prefab
  artifactKey: Guid(1e4bd8ac328e4bb4fbbee62ca0f24a98) Importer(815301076,1909f56bfc062723c751e8b465ee728b)
Start importing Assets/FPS/Prefabs/Level/Dungeon/Dun_Wall_Open.prefab using Guid(1e4bd8ac328e4bb4fbbee62ca0f24a98) Importer(815301076,1909f56bfc062723c751e8b465ee728b)  -> (artifact id: 'dda972e97755054b74447d90cc775d38') in 0.020684 seconds 
========================================================================
Received Import Request.
  Time since last request: 0.000197 seconds.
  path: Assets/FPS/Prefabs/Level/Dungeon/Dun_Tower_Open.prefab
  artifactKey: Guid(1d5f7af86369d6d49be1dc50227c3be5) Importer(815301076,1909f56bfc062723c751e8b465ee728b)
Start importing Assets/FPS/Prefabs/Level/Dungeon/Dun_Tower_Open.prefab using Guid(1d5f7af86369d6d49be1dc50227c3be5) Importer(815301076,1909f56bfc062723c751e8b465ee728b)  -> (artifact id: '07c86e6f40ffe0343d7a6063adc7db46') in 0.022936 seconds 
========================================================================
Received Import Request.
  Time since last request: 0.000230 seconds.
  path: Assets/FPS/Prefabs/Level/Dungeon/Dun_DeadEnd.prefab
  artifactKey: Guid(321d2a485bfb5d34bb45484bb8f7f6f5) Importer(815301076,1909f56bfc062723c751e8b465ee728b)
Start importing Assets/FPS/Prefabs/Level/Dungeon/Dun_DeadEnd.prefab using Guid(321d2a485bfb5d34bb45484bb8f7f6f5) Importer(815301076,1909f56bfc062723c751e8b465ee728b)  -> (artifact id: 'c283eefd8db674c50c672ab7cba6d51a') in 0.021517 seconds 
========================================================================
Received Import Request.
  Time since last request: 0.000248 seconds.
  path: Assets/FPS/Prefabs/Level/Dungeon/Dun_Cross.prefab
  artifactKey: Guid(a154559da8c0da24b98c1eaa7649c853) Importer(815301076,1909f56bfc062723c751e8b465ee728b)
Start importing Assets/FPS/Prefabs/Level/Dungeon/Dun_Cross.prefab using Guid(a154559da8c0da24b98c1eaa7649c853) Importer(815301076,1909f56bfc062723c751e8b465ee728b)  -> (artifact id: 'b434740681cee4b09bbb491299cffb84') in 0.023890 seconds 
========================================================================
Received Import Request.
  Time since last request: 0.000228 seconds.
  path: Assets/FPS/Prefabs/Level/Dungeon/Dun_Hall.prefab
  artifactKey: Guid(fc17ef824b45b2d4f8067b22da77a8d5) Importer(815301076,1909f56bfc062723c751e8b465ee728b)
Start importing Assets/FPS/Prefabs/Level/Dungeon/Dun_Hall.prefab using Guid(fc17ef824b45b2d4f8067b22da77a8d5) Importer(815301076,1909f56bfc062723c751e8b465ee728b)  -> (artifact id: '5e3c893e35f63d55fcf6c1ed3ed68b12') in 0.019423 seconds 
========================================================================
Received Import Request.
  Time since last request: 0.000254 seconds.
  path: Assets/FPS/Prefabs/Level/Dungeon/Dun_Descent.prefab
  artifactKey: Guid(91e047326c7121248bcdf81ab6f4a6fa) Importer(815301076,1909f56bfc062723c751e8b465ee728b)
Start importing Assets/FPS/Prefabs/Level/Dungeon/Dun_Descent.prefab using Guid(91e047326c7121248bcdf81ab6f4a6fa) Importer(815301076,1909f56bfc062723c751e8b465ee728b)  -> (artifact id: 'd2cbaf2d260ba430d86be2be033dc99e') in 0.030179 seconds 
========================================================================
Received Import Request.
  Time since last request: 0.000289 seconds.
  path: Assets/FPS/Prefabs/Level/Dungeon/Dun_Wall.prefab
  artifactKey: Guid(cd17687759887a0438ee021e51abc9d9) Importer(815301076,1909f56bfc062723c751e8b465ee728b)
Start importing Assets/FPS/Prefabs/Level/Dungeon/Dun_Wall.prefab using Guid(cd17687759887a0438ee021e51abc9d9) Importer(815301076,1909f56bfc062723c751e8b465ee728b)  -> (artifact id: '4d8182019748fbca74cdaf8b1694d28d') in 0.018858 seconds 
========================================================================
Received Import Request.
  Time since last request: 0.000222 seconds.
  path: Assets/FPS/Prefabs/Level/Dungeon/Dun_Hall_Corner.prefab
  artifactKey: Guid(e523504ee4a69944d86007881a6784b2) Importer(815301076,1909f56bfc062723c751e8b465ee728b)
Start importing Assets/FPS/Prefabs/Level/Dungeon/Dun_Hall_Corner.prefab using Guid(e523504ee4a69944d86007881a6784b2) Importer(815301076,1909f56bfc062723c751e8b465ee728b)  -> (artifact id: 'e4e76a77b95a24495dcf0bc3b2f743a2') in 0.021761 seconds 
